# JRE version: OpenJDK Runtime Environment (17.0.2+8) (build 17.0.2+8-86)
# Java VM: OpenJDK 64-Bit Server VM (17.0.2+8-86, mixed mode, emulated-client, sharing, tiered, compressed oops, compressed class ptrs, g1 gc, windows-amd64)
GC Precious Log:
 CPUs: 4 total, 4 available
 Memory: 4007M
 Large Page Support: Disabled
 NUMA Support: Disabled
 Compressed Oops: Enabled (32-bit)
 Heap Region Size: 1M
 Heap Min Capacity: 8M
 Heap Initial Capacity: 64M
 Heap Max Capacity: 1002M
 Pre-touch: Disabled
 Parallel Workers: 4
 Concurrent Workers: 1
 Concurrent Refinement Workers: 4
 Periodic GC: Disabled
Heap:
 garbage-first heap   total 61440K, used 24562K [0x00000000c1600000, 0x0000000100000000)
  region size 1024K, 5 young (5120K), 2 survivors (2048K)
 Metaspace       used 34928K, committed 35392K, reserved 1081344K
  class space    used 4917K, committed 5184K, reserved 1048576K
GC Heap History (18 events):
Event: 3.581 GC heap before
{Heap before GC invocations=0 (full 0):
 garbage-first heap   total 65536K, used 15360K [0x00000000c1600000, 0x0000000100000000)
  region size 1024K, 13 young (13312K), 0 survivors (0K)
 Metaspace       used 4845K, committed 4992K, reserved 1056768K
  class space    used 570K, committed 640K, reserved 1048576K
}
Event: 3.595 GC heap after
{Heap after GC invocations=1 (full 0):
 garbage-first heap   total 65536K, used 7996K [0x00000000c1600000, 0x0000000100000000)
  region size 1024K, 2 young (2048K), 2 survivors (2048K)
 Metaspace       used 4845K, committed 4992K, reserved 1056768K
  class space    used 570K, committed 640K, reserved 1048576K
}
Event: 4.978 GC heap before
{Heap before GC invocations=1 (full 0):
 garbage-first heap   total 65536K, used 16188K [0x00000000c1600000, 0x0000000100000000)
  region size 1024K, 10 young (10240K), 2 survivors (2048K)
 Metaspace       used 7014K, committed 7232K, reserved 1056768K
  class space    used 881K, committed 960K, reserved 1048576K
}
Event: 4.984 GC heap after
{Heap after GC invocations=2 (full 0):
 garbage-first heap   total 65536K, used 9020K [0x00000000c1600000, 0x0000000100000000)
  region size 1024K, 1 young (1024K), 1 survivors (1024K)
 Metaspace       used 7014K, committed 7232K, reserved 1056768K
  class space    used 881K, committed 960K, reserved 1048576K
}
Event: 9.527 GC heap before
{Heap before GC invocations=2 (full 0):
 garbage-first heap   total 65536K, used 29500K [0x00000000c1600000, 0x0000000100000000)
  region size 1024K, 21 young (21504K), 1 survivors (1024K)
 Metaspace       used 11368K, committed 11648K, reserved 1064960K
  class space    used 1573K, committed 1728K, reserved 1048576K
}
Event: 9.539 GC heap after
{Heap after GC invocations=3 (full 0):
 garbage-first heap   total 65536K, used 10767K [0x00000000c1600000, 0x0000000100000000)
  region size 1024K, 3 young (3072K), 3 survivors (3072K)
 Metaspace       used 11368K, committed 11648K, reserved 1064960K
  class space    used 1573K, committed 1728K, reserved 1048576K
}
Event: 14.881 GC heap before
{Heap before GC invocations=3 (full 0):
 garbage-first heap   total 65536K, used 39439K [0x00000000c1600000, 0x0000000100000000)
  region size 1024K, 32 young (32768K), 3 survivors (3072K)
 Metaspace       used 17551K, committed 17792K, reserved 1064960K
  class space    used 2361K, committed 2496K, reserved 1048576K
}
Event: 14.897 GC heap after
{Heap after GC invocations=4 (full 0):
 garbage-first heap   total 65536K, used 12326K [0x00000000c1600000, 0x0000000100000000)
  region size 1024K, 4 young (4096K), 4 survivors (4096K)
 Metaspace       used 17551K, committed 17792K, reserved 1064960K
  class space    used 2361K, committed 2496K, reserved 1048576K
}
Event: 19.983 GC heap before
{Heap before GC invocations=4 (full 0):
 garbage-first heap   total 65536K, used 44070K [0x00000000c1600000, 0x0000000100000000)
  region size 1024K, 35 young (35840K), 4 survivors (4096K)
 Metaspace       used 20146K, committed 20480K, reserved 1073152K
  class space    used 2722K, committed 2880K, reserved 1048576K
}
Event: 19.996 GC heap after
{Heap after GC invocations=5 (full 0):
 garbage-first heap   total 65536K, used 15868K [0x00000000c1600000, 0x0000000100000000)
  region size 1024K, 5 young (5120K), 5 survivors (5120K)
 Metaspace       used 20146K, committed 20480K, reserved 1073152K
  class space    used 2722K, committed 2880K, reserved 1048576K
}
Event: 20.961 GC heap before
{Heap before GC invocations=5 (full 0):
 garbage-first heap   total 65536K, used 26108K [0x00000000c1600000, 0x0000000100000000)
  region size 1024K, 16 young (16384K), 5 survivors (5120K)
 Metaspace       used 21231K, committed 21504K, reserved 1073152K
  class space    used 2874K, committed 3008K, reserved 1048576K
}
Event: 20.981 GC heap after
{Heap after GC invocations=6 (full 0):
 garbage-first heap   total 65536K, used 16648K [0x00000000c1600000, 0x0000000100000000)
  region size 1024K, 1 young (1024K), 1 survivors (1024K)
 Metaspace       used 21231K, committed 21504K, reserved 1073152K
  class space    used 2874K, committed 3008K, reserved 1048576K
}
Event: 23.374 GC heap before
{Heap before GC invocations=7 (full 0):
 garbage-first heap   total 61440K, used 47368K [0x00000000c1600000, 0x0000000100000000)
  region size 1024K, 31 young (31744K), 1 survivors (1024K)
 Metaspace       used 25063K, committed 25472K, reserved 1073152K
  class space    used 3442K, committed 3648K, reserved 1048576K
}
Event: 23.391 GC heap after
{Heap after GC invocations=8 (full 0):
 garbage-first heap   total 61440K, used 18696K [0x00000000c1600000, 0x0000000100000000)
  region size 1024K, 3 young (3072K), 3 survivors (3072K)
 Metaspace       used 25063K, committed 25472K, reserved 1073152K
  class space    used 3442K, committed 3648K, reserved 1048576K
}
Event: 24.799 GC heap before
{Heap before GC invocations=8 (full 0):
 garbage-first heap   total 61440K, used 46344K [0x00000000c1600000, 0x0000000100000000)
  region size 1024K, 29 young (29696K), 3 survivors (3072K)
 Metaspace       used 29215K, committed 29632K, reserved 1081344K
  class space    used 4040K, committed 4224K, reserved 1048576K
}
Event: 24.815 GC heap after
{Heap after GC invocations=9 (full 0):
 garbage-first heap   total 61440K, used 21305K [0x00000000c1600000, 0x0000000100000000)
  region size 1024K, 3 young (3072K), 3 survivors (3072K)
 Metaspace       used 29215K, committed 29632K, reserved 1081344K
  class space    used 4040K, committed 4224K, reserved 1048576K
}
Event: 26.232 GC heap before
{Heap before GC invocations=9 (full 0):
 garbage-first heap   total 61440K, used 44857K [0x00000000c1600000, 0x0000000100000000)
  region size 1024K, 27 young (27648K), 3 survivors (3072K)
 Metaspace       used 34285K, committed 34752K, reserved 1081344K
  class space    used 4785K, committed 5056K, reserved 1048576K
}
Event: 26.241 GC heap after
{Heap after GC invocations=10 (full 0):
 garbage-first heap   total 61440K, used 22514K [0x00000000c1600000, 0x0000000100000000)
  region size 1024K, 2 young (2048K), 2 survivors (2048K)
 Metaspace       used 34285K, committed 34752K, reserved 1081344K
  class space    used 4785K, committed 5056K, reserved 1048576K
}

